  RGB_CAMERA_IMAGEDlg.cpp
c:\opencv\build\include\opencv2\flann\dist.h : warning C4819: 현재 코드 페이지(949)에서 표시할 수 없는 문자가 파일에 들어 있습니다. 데이터가 손실되지 않게 하려면 해당 파일을 유니코드 형식으로 저장하십시오.
c:\opencv\build\include\opencv2\flann\logger.h(66): warning C4996: 'fopen': This function or variable may be unsafe. Consider using fopen_s instead. To disable deprecation, use _CRT_SECURE_NO_WARNINGS. See online help for details.
  C:\Program Files (x86)\Windows Kits\10\Include\10.0.10240.0\ucrt\stdio.h(205): note: 'fopen' 선언을 참조하십시오.
RGB_CAMERA_IMAGEDlg.cpp(169): warning C4996: 'sprintf': This function or variable may be unsafe. Consider using sprintf_s instead. To disable deprecation, use _CRT_SECURE_NO_WARNINGS. See online help for details.
  C:\Program Files (x86)\Windows Kits\10\Include\10.0.10240.0\ucrt\stdio.h(1769): note: 'sprintf' 선언을 참조하십시오.
RGB_CAMERA_IMAGEDlg.cpp(176): warning C4996: 'localtime': This function or variable may be unsafe. Consider using localtime_s instead. To disable deprecation, use _CRT_SECURE_NO_WARNINGS. See online help for details.
  C:\Program Files (x86)\Windows Kits\10\Include\10.0.10240.0\ucrt\time.h(505): note: 'localtime' 선언을 참조하십시오.
RGB_CAMERA_IMAGEDlg.cpp(177): warning C4996: 'sprintf': This function or variable may be unsafe. Consider using sprintf_s instead. To disable deprecation, use _CRT_SECURE_NO_WARNINGS. See online help for details.
  C:\Program Files (x86)\Windows Kits\10\Include\10.0.10240.0\ucrt\stdio.h(1769): note: 'sprintf' 선언을 참조하십시오.
RGB_CAMERA_IMAGEDlg.cpp(183): warning C4996: 'sprintf': This function or variable may be unsafe. Consider using sprintf_s instead. To disable deprecation, use _CRT_SECURE_NO_WARNINGS. See online help for details.
  C:\Program Files (x86)\Windows Kits\10\Include\10.0.10240.0\ucrt\stdio.h(1769): note: 'sprintf' 선언을 참조하십시오.
RGB_CAMERA_IMAGEDlg.cpp(184): warning C4996: 'sprintf': This function or variable may be unsafe. Consider using sprintf_s instead. To disable deprecation, use _CRT_SECURE_NO_WARNINGS. See online help for details.
  C:\Program Files (x86)\Windows Kits\10\Include\10.0.10240.0\ucrt\stdio.h(1769): note: 'sprintf' 선언을 참조하십시오.
  코드를 생성하고 있습니다.
  1 of 771 functions ( 0.1%) were compiled, the rest were copied from previous compilation.
    0 functions were new in current compilation
    1 functions had inline decision re-evaluated but remain unchanged
  코드를 생성했습니다.
  RGB_CAMERA_IMAGE.vcxproj -> C:\Users\guy92\OneDrive\05.연구실 과제 및 프로젝트\마음몸 산업핵심기술 로봇 개발(서울대 보라매 병원)\개발 프로그램\RGB_CAMERA_IMAGE(인위적표정DB)\Release\RGB_CAMERA_IMAGE.exe
  RGB_CAMERA_IMAGE.vcxproj -> C:\Users\guy92\OneDrive\05.연구실 과제 및 프로젝트\마음몸 산업핵심기술 로봇 개발(서울대 보라매 병원)\개발 프로그램\RGB_CAMERA_IMAGE(인위적표정DB)\Release\RGB_CAMERA_IMAGE.pdb (Full PDB)
